<?xml version="1.0" encoding="UTF-8"?>
<!-- Generated by org.testng.reporters.JUnitXMLReporter -->
<testsuite ignored="1" hostname="DESKTOP-HDINPCM" failures="1" tests="9" name="TutorialsNinja" time="57.348" errors="0" timestamp="2023-02-23T14:28:19 CST">
  <testcase classname="com.tutorialsninja.qa.testcases.Login" name="verifyLoginWithInvalidEmail" time="0.419"/>
  <testcase classname="com.tutorialsninja.qa.testcases.Login" name="verifyLoginWithNoEmail" time="0.453"/>
  <testcase classname="com.tutorialsninja.qa.testcases.Login" name="verifyLoginWithValidCredentials" time="1.613"/>
  <testcase classname="com.tutorialsninja.qa.testcases.Login" name="verifyLoginWithValidCredentials" time="0.432"/>
  <testcase classname="com.tutorialsninja.qa.testcases.Login" name="verifyLoginWithValidCredentials" time="1.712"/>
  <testcase classname="com.tutorialsninja.qa.testcases.Search" name="searchWithValidProduct" time="1.585"/>
  <testcase classname="com.tutorialsninja.qa.testcases.Register" name="verifyRegisterWithMandatoryFields" time="3.104"/>
  <testcase classname="com.tutorialsninja.qa.testcases.Search" name="searchWithInvalidProduct" time="1.605">
    <failure type="java.lang.AssertionError" message="expected [Your search returned no results.] but found [Your search returned no results ABC.]">
      <![CDATA[java.lang.AssertionError: expected [Your search returned no results.] but found [Your search returned no results ABC.]
at com.tutorialsninja.qa.testcases.Search.searchWithInvalidProduct(Search.java:58)
at java.base/java.util.ArrayList.forEach(ArrayList.java:1511)
at java.base/java.util.concurrent.FutureTask.run(FutureTask.java:317)
at java.base/java.util.concurrent.ThreadPoolExecutor.runWorker(ThreadPoolExecutor.java:1144)
at java.base/java.util.concurrent.ThreadPoolExecutor$Worker.run(ThreadPoolExecutor.java:642)
at java.base/java.lang.Thread.run(Thread.java:1589)
... Removed 22 stack frames]]>
    </failure>
  </testcase> <!-- searchWithInvalidProduct -->
  <testcase classname="com.tutorialsninja.qa.testcases.Register" name="verifyRegisterWithDifferentPasswords" time="0.771"/>
  <testcase classname="com.tutorialsninja.qa.testcases.Login" name="verifyLoginWithNoPassword" time="0.0">
    <ignored/>
  </testcase> <!-- verifyLoginWithNoPassword -->
</testsuite> <!-- TutorialsNinja -->
