<?xml version="1.0" encoding="UTF-8"?>
<!-- Generated by org.testng.reporters.JUnitXMLReporter -->
<testsuite ignored="3" hostname="DESKTOP-HDINPCM" failures="0" tests="1" name="Default test" time="7.174" errors="0" timestamp="2023-02-20T12:51:32 CST">
  <testcase classname="com.tutorialsninja.qa.testcases.Login" name="verifyLoginWithNoPassword" time="0.665"/>
  <testcase classname="com.tutorialsninja.qa.testcases.Login" name="verifyLoginWithInvalidEmail" time="0.0">
    <ignored/>
  </testcase> <!-- verifyLoginWithInvalidEmail -->
  <testcase classname="com.tutorialsninja.qa.testcases.Login" name="verifyLoginWithNoEmail" time="0.0">
    <ignored/>
  </testcase> <!-- verifyLoginWithNoEmail -->
  <testcase classname="com.tutorialsninja.qa.testcases.Login" name="verifyLoginWithValidCredentials" time="0.0">
    <ignored/>
  </testcase> <!-- verifyLoginWithValidCredentials -->
</testsuite> <!-- Default test -->
