<?xml version="1.0" encoding="UTF-8"?>
<testng-results ignored="1" total="10" passed="8" failed="1" skipped="0">
  <reporter-output>
  </reporter-output>
  <suite started-at="2023-02-23T21:27:52 CST" name="Suite" finished-at="2023-02-23T21:28:52 CST" duration-ms="60791">
    <groups>
    </groups>
    <test started-at="2023-02-23T21:27:52 CST" name="Test" finished-at="2023-02-23T21:28:52 CST" duration-ms="60791">
      <class name="com.tutorialsninja.qa.testcases.Register">
        <test-method is-config="true" signature="setup()[pri:0, instance:com.tutorialsninja.qa.testcases.Register@1b7cc17c]" started-at="2023-02-23T21:28:31 CST" name="setup" finished-at="2023-02-23T21:28:37 CST" duration-ms="5163" status="PASS">
          <reporter-output>
          </reporter-output>
        </test-method> <!-- setup -->
        <test-method signature="verifyRegisterWithMandatoryFields()[pri:1, instance:com.tutorialsninja.qa.testcases.Register@1b7cc17c]" started-at="2023-02-23T21:28:37 CST" name="verifyRegisterWithMandatoryFields" finished-at="2023-02-23T21:28:40 CST" duration-ms="3066" status="PASS">
          <reporter-output>
          </reporter-output>
        </test-method> <!-- verifyRegisterWithMandatoryFields -->
        <test-method is-config="true" signature="teardown()[pri:0, instance:com.tutorialsninja.qa.testcases.Register@1b7cc17c]" started-at="2023-02-23T21:28:40 CST" name="teardown" finished-at="2023-02-23T21:28:40 CST" duration-ms="324" status="PASS">
          <reporter-output>
          </reporter-output>
        </test-method> <!-- teardown -->
        <test-method is-config="true" signature="setup()[pri:0, instance:com.tutorialsninja.qa.testcases.Register@1b7cc17c]" started-at="2023-02-23T21:28:46 CST" name="setup" finished-at="2023-02-23T21:28:51 CST" duration-ms="4872" status="PASS">
          <reporter-output>
          </reporter-output>
        </test-method> <!-- setup -->
        <test-method signature="verifyRegisterWithDifferentPasswords()[pri:2, instance:com.tutorialsninja.qa.testcases.Register@1b7cc17c]" started-at="2023-02-23T21:28:51 CST" name="verifyRegisterWithDifferentPasswords" finished-at="2023-02-23T21:28:52 CST" duration-ms="847" status="PASS">
          <reporter-output>
          </reporter-output>
        </test-method> <!-- verifyRegisterWithDifferentPasswords -->
        <test-method is-config="true" signature="teardown()[pri:0, instance:com.tutorialsninja.qa.testcases.Register@1b7cc17c]" started-at="2023-02-23T21:28:52 CST" name="teardown" finished-at="2023-02-23T21:28:52 CST" duration-ms="320" status="PASS">
          <reporter-output>
          </reporter-output>
        </test-method> <!-- teardown -->
      </class> <!-- com.tutorialsninja.qa.testcases.Register -->
      <class name="com.tutorialsninja.qa.testcases.Search">
        <test-method is-config="true" signature="setup()[pri:0, instance:com.tutorialsninja.qa.testcases.Search@5b239d7d]" started-at="2023-02-23T21:28:24 CST" name="setup" finished-at="2023-02-23T21:28:28 CST" duration-ms="4330" status="PASS">
          <reporter-output>
          </reporter-output>
        </test-method> <!-- setup -->
        <test-method signature="searchWithValidProduct()[pri:1, instance:com.tutorialsninja.qa.testcases.Search@5b239d7d]" started-at="2023-02-23T21:28:28 CST" name="searchWithValidProduct" finished-at="2023-02-23T21:28:31 CST" duration-ms="2510" status="PASS">
          <reporter-output>
          </reporter-output>
        </test-method> <!-- searchWithValidProduct -->
        <test-method is-config="true" signature="TearDown()[pri:0, instance:com.tutorialsninja.qa.testcases.Search@5b239d7d]" started-at="2023-02-23T21:28:31 CST" name="TearDown" finished-at="2023-02-23T21:28:31 CST" duration-ms="357" status="PASS">
          <reporter-output>
          </reporter-output>
        </test-method> <!-- TearDown -->
        <test-method is-config="true" signature="setup()[pri:0, instance:com.tutorialsninja.qa.testcases.Search@5b239d7d]" started-at="2023-02-23T21:28:40 CST" name="setup" finished-at="2023-02-23T21:28:44 CST" duration-ms="4182" status="PASS">
          <reporter-output>
          </reporter-output>
        </test-method> <!-- setup -->
        <test-method signature="searchWithInvalidProduct()[pri:2, instance:com.tutorialsninja.qa.testcases.Search@5b239d7d]" started-at="2023-02-23T21:28:44 CST" name="searchWithInvalidProduct" finished-at="2023-02-23T21:28:46 CST" duration-ms="1814" status="FAIL">
          <exception class="java.lang.AssertionError">
            <message>
              <![CDATA[expected [Your search returned no results.] but found [Your search returned no results ABC.]]]>
            </message>
            <full-stacktrace>
              <![CDATA[java.lang.AssertionError: expected [Your search returned no results.] but found [Your search returned no results ABC.]
at org.testng.Assert.fail(Assert.java:99)
at org.testng.Assert.failNotEquals(Assert.java:1037)
at org.testng.Assert.assertEqualsImpl(Assert.java:140)
at org.testng.Assert.assertEquals(Assert.java:122)
at org.testng.Assert.assertEquals(Assert.java:629)
at org.testng.Assert.assertEquals(Assert.java:639)
at com.tutorialsninja.qa.testcases.Search.searchWithInvalidProduct(Search.java:58)
at java.base/jdk.internal.reflect.DirectMethodHandleAccessor.invoke(DirectMethodHandleAccessor.java:104)
at java.base/java.lang.reflect.Method.invoke(Method.java:578)
at org.testng.internal.MethodInvocationHelper.invokeMethod(MethodInvocationHelper.java:133)
at org.testng.internal.TestInvoker.invokeMethod(TestInvoker.java:598)
at org.testng.internal.TestInvoker.invokeTestMethod(TestInvoker.java:173)
at org.testng.internal.MethodRunner.runInSequence(MethodRunner.java:46)
at org.testng.internal.TestInvoker$MethodInvocationAgent.invoke(TestInvoker.java:824)
at org.testng.internal.TestInvoker.invokeTestMethods(TestInvoker.java:146)
at org.testng.internal.TestMethodWorker.invokeTestMethods(TestMethodWorker.java:146)
at org.testng.internal.TestMethodWorker.run(TestMethodWorker.java:128)
at java.base/java.util.ArrayList.forEach(ArrayList.java:1511)
at org.testng.TestRunner.privateRun(TestRunner.java:794)
at org.testng.TestRunner.run(TestRunner.java:596)
at org.testng.SuiteRunner.runTest(SuiteRunner.java:377)
at org.testng.SuiteRunner.access$000(SuiteRunner.java:28)
at org.testng.SuiteRunner$SuiteWorker.run(SuiteRunner.java:418)
at org.testng.internal.thread.ThreadUtil.lambda$execute$0(ThreadUtil.java:64)
at java.base/java.util.concurrent.FutureTask.run(FutureTask.java:317)
at java.base/java.util.concurrent.ThreadPoolExecutor.runWorker(ThreadPoolExecutor.java:1144)
at java.base/java.util.concurrent.ThreadPoolExecutor$Worker.run(ThreadPoolExecutor.java:642)
at java.base/java.lang.Thread.run(Thread.java:1589)
]]>
            </full-stacktrace>
          </exception> <!-- java.lang.AssertionError -->
          <reporter-output>
          </reporter-output>
        </test-method> <!-- searchWithInvalidProduct -->
        <test-method is-config="true" signature="TearDown()[pri:0, instance:com.tutorialsninja.qa.testcases.Search@5b239d7d]" started-at="2023-02-23T21:28:46 CST" name="TearDown" finished-at="2023-02-23T21:28:46 CST" duration-ms="371" status="PASS">
          <reporter-output>
          </reporter-output>
        </test-method> <!-- TearDown -->
      </class> <!-- com.tutorialsninja.qa.testcases.Search -->
      <class name="com.tutorialsninja.qa.testcases.Login">
        <test-method is-config="true" signature="setup()[pri:0, instance:com.tutorialsninja.qa.testcases.Login@59662a0b]" started-at="2023-02-23T21:27:52 CST" name="setup" finished-at="2023-02-23T21:27:59 CST" duration-ms="7445" status="PASS">
          <reporter-output>
          </reporter-output>
        </test-method> <!-- setup -->
        <test-method signature="verifyLoginWithInvalidEmail()[pri:0, instance:com.tutorialsninja.qa.testcases.Login@59662a0b]" started-at="2023-02-23T21:27:59 CST" name="verifyLoginWithInvalidEmail" finished-at="2023-02-23T21:27:59 CST" duration-ms="439" status="PASS">
          <reporter-output>
          </reporter-output>
        </test-method> <!-- verifyLoginWithInvalidEmail -->
        <test-method is-config="true" signature="teardown()[pri:0, instance:com.tutorialsninja.qa.testcases.Login@59662a0b]" started-at="2023-02-23T21:27:59 CST" name="teardown" finished-at="2023-02-23T21:28:00 CST" duration-ms="348" status="PASS">
          <reporter-output>
          </reporter-output>
        </test-method> <!-- teardown -->
        <test-method is-config="true" signature="setup()[pri:0, instance:com.tutorialsninja.qa.testcases.Login@59662a0b]" started-at="2023-02-23T21:28:00 CST" name="setup" finished-at="2023-02-23T21:28:05 CST" duration-ms="4968" status="PASS">
          <reporter-output>
          </reporter-output>
        </test-method> <!-- setup -->
        <test-method signature="verifyLoginWithNoEmail()[pri:0, instance:com.tutorialsninja.qa.testcases.Login@59662a0b]" started-at="2023-02-23T21:28:05 CST" name="verifyLoginWithNoEmail" finished-at="2023-02-23T21:28:05 CST" duration-ms="495" status="PASS">
          <reporter-output>
          </reporter-output>
        </test-method> <!-- verifyLoginWithNoEmail -->
        <test-method is-config="true" signature="teardown()[pri:0, instance:com.tutorialsninja.qa.testcases.Login@59662a0b]" started-at="2023-02-23T21:28:05 CST" name="teardown" finished-at="2023-02-23T21:28:06 CST" duration-ms="440" status="PASS">
          <reporter-output>
          </reporter-output>
        </test-method> <!-- teardown -->
        <test-method is-config="true" signature="setup()[pri:0, instance:com.tutorialsninja.qa.testcases.Login@59662a0b]" started-at="2023-02-23T21:28:06 CST" name="setup" finished-at="2023-02-23T21:28:11 CST" duration-ms="5277" status="PASS">
          <reporter-output>
          </reporter-output>
        </test-method> <!-- setup -->
        <test-method signature="verifyLoginWithValidCredentials(java.lang.String,java.lang.String)[pri:0, instance:com.tutorialsninja.qa.testcases.Login@59662a0b]" started-at="2023-02-23T21:28:11 CST" name="verifyLoginWithValidCredentials" data-provider="testdata" finished-at="2023-02-23T21:28:13 CST" duration-ms="1554" status="PASS">
          <params>
            <param index="0">
              <value>
                <![CDATA[alisha1@gmail.com]]>
              </value>
            </param>
            <param index="1">
              <value>
                <![CDATA[secret1@123]]>
              </value>
            </param>
          </params>
          <reporter-output>
          </reporter-output>
        </test-method> <!-- verifyLoginWithValidCredentials -->
        <test-method is-config="true" signature="teardown()[pri:0, instance:com.tutorialsninja.qa.testcases.Login@59662a0b]" started-at="2023-02-23T21:28:13 CST" name="teardown" finished-at="2023-02-23T21:28:13 CST" duration-ms="376" status="PASS">
          <reporter-output>
          </reporter-output>
        </test-method> <!-- teardown -->
        <test-method is-config="true" signature="setup()[pri:0, instance:com.tutorialsninja.qa.testcases.Login@59662a0b]" started-at="2023-02-23T21:28:13 CST" name="setup" finished-at="2023-02-23T21:28:17 CST" duration-ms="4269" status="PASS">
          <reporter-output>
          </reporter-output>
        </test-method> <!-- setup -->
        <test-method signature="verifyLoginWithValidCredentials(java.lang.String,java.lang.String)[pri:0, instance:com.tutorialsninja.qa.testcases.Login@59662a0b]" started-at="2023-02-23T21:28:17 CST" name="verifyLoginWithValidCredentials" data-provider="testdata" finished-at="2023-02-23T21:28:18 CST" duration-ms="379" status="PASS">
          <params>
            <param index="0">
              <value>
                <![CDATA[sh.co.uk]]>
              </value>
            </param>
            <param index="1">
              <value>
                <![CDATA[adasdas]]>
              </value>
            </param>
          </params>
          <reporter-output>
          </reporter-output>
        </test-method> <!-- verifyLoginWithValidCredentials -->
        <test-method is-config="true" signature="teardown()[pri:0, instance:com.tutorialsninja.qa.testcases.Login@59662a0b]" started-at="2023-02-23T21:28:18 CST" name="teardown" finished-at="2023-02-23T21:28:18 CST" duration-ms="303" status="PASS">
          <reporter-output>
          </reporter-output>
        </test-method> <!-- teardown -->
        <test-method is-config="true" signature="setup()[pri:0, instance:com.tutorialsninja.qa.testcases.Login@59662a0b]" started-at="2023-02-23T21:28:18 CST" name="setup" finished-at="2023-02-23T21:28:22 CST" duration-ms="4194" status="PASS">
          <reporter-output>
          </reporter-output>
        </test-method> <!-- setup -->
        <test-method signature="verifyLoginWithValidCredentials(java.lang.String,java.lang.String)[pri:0, instance:com.tutorialsninja.qa.testcases.Login@59662a0b]" started-at="2023-02-23T21:28:22 CST" name="verifyLoginWithValidCredentials" data-provider="testdata" finished-at="2023-02-23T21:28:24 CST" duration-ms="1752" status="PASS">
          <params>
            <param index="0">
              <value>
                <![CDATA[shilu_1977@gmail.com]]>
              </value>
            </param>
            <param index="1">
              <value>
                <![CDATA[adasda]]>
              </value>
            </param>
          </params>
          <reporter-output>
          </reporter-output>
        </test-method> <!-- verifyLoginWithValidCredentials -->
        <test-method is-config="true" signature="teardown()[pri:0, instance:com.tutorialsninja.qa.testcases.Login@59662a0b]" started-at="2023-02-23T21:28:24 CST" name="teardown" finished-at="2023-02-23T21:28:24 CST" duration-ms="327" status="PASS">
          <reporter-output>
          </reporter-output>
        </test-method> <!-- teardown -->
      </class> <!-- com.tutorialsninja.qa.testcases.Login -->
    </test> <!-- Test -->
  </suite> <!-- Suite -->
</testng-results>
